This is pdfTeX, Version 3.1415926-2.5-1.40.14 (TeX Live 2013) (format=pdflatex 2017.10.9)  21 FEB 2018 10:44
entering extended mode
 \write18 enabled.
 %&-line parsing enabled.
**cis452-lectureXX.tex
(./cis452-lectureXX.tex
LaTeX2e <2011/06/27>
Babel <v3.8m> and hyphenation patterns for english, dumylang, nohyphenation, ru
ssian, ukrainian, bulgarian, loaded.
(/usr/share/texlive/texmf-dist/tex/latex/base/article.cls
Document Class: article 2007/10/19 v1.4h Standard LaTeX document class
(/usr/share/texlive/texmf-dist/tex/latex/base/size11.clo
File: size11.clo 2007/10/19 v1.4h Standard LaTeX file (size option)
)
\c@part=\count79
\c@section=\count80
\c@subsection=\count81
\c@subsubsection=\count82
\c@paragraph=\count83
\c@subparagraph=\count84
\c@figure=\count85
\c@table=\count86
\abovecaptionskip=\skip41
\belowcaptionskip=\skip42
\bibindent=\dimen102
)
(/usr/share/texlive/texmf-dist/tex/latex/psnfss/palatino.sty
Package: palatino 2005/04/12 PSNFSS-v9.2a (SPQR) 
)
(/usr/share/texlive/texmf-dist/tex/latex/preprint/fullpage.sty
Package: fullpage 1999/02/23 1.1 (PWD)
\FP@margin=\skip43
)
(/usr/share/texlive/texmf-dist/tex/latex/listings/listings.sty
(/usr/share/texlive/texmf-dist/tex/latex/graphics/keyval.sty
Package: keyval 1999/03/16 v1.13 key=value parser (DPC)
\KV@toks@=\toks14
)
\lst@mode=\count87
\lst@gtempboxa=\box26
\lst@token=\toks15
\lst@length=\count88
\lst@currlwidth=\dimen103
\lst@column=\count89
\lst@pos=\count90
\lst@lostspace=\dimen104
\lst@width=\dimen105
\lst@newlines=\count91
\lst@lineno=\count92
\lst@maxwidth=\dimen106

(/usr/share/texlive/texmf-dist/tex/latex/listings/lstmisc.sty
File: lstmisc.sty 2007/02/22 1.4 (Carsten Heinz)
\c@lstnumber=\count93
\lst@skipnumbers=\count94
\lst@framebox=\box27
)
(/usr/share/texlive/texmf-dist/tex/latex/listings/listings.cfg
File: listings.cfg 2007/02/22 1.4 listings configuration
))
Package: listings 2007/02/22 1.4 (Carsten Heinz)


! LaTeX Error: File `minted.sty' not found.

Type X to quit or <RETURN> to proceed,
or enter new name. (Default extension: sty)

Enter file name: 
! Emergency stop.
<read *> 
         
l.6 ^^M
       
End of file on the terminal!

 
Here is how much of TeX's memory you used:
 1434 strings out of 494820
 20559 string characters out of 3178049
 66336 words of memory out of 3000000
 4690 multiletter control sequences out of 15000+200000
 3940 words of font info for 15 fonts, out of 3000000 for 9000
 198 hyphenation exceptions out of 8191
 26i,0n,32p,182b,219s stack positions out of 5000i,500n,10000p,200000b,50000s
!  ==> Fatal error occurred, no output PDF file produced!
